<?xml version="1.0" encoding="UTF-8"?>
<!-- Generated by org.testng.reporters.JUnitXMLReporter -->
<testsuite hostname="DESKTOP-5EESGLJ" name="Default test(failed)(failed)" tests="3" failures="1" timestamp="15 Feb 2018 11:04:51 GMT" time="0.162" errors="0">
  <testcase name="login" time="0.042" classname="testNGAnnataions1.dependsonmethods">
    <failure type="java.lang.AssertionError" message="expected [true] but found [false]">
      <![CDATA[java.lang.AssertionError: expected [true] but found [false]
	at testNGAnnataions1.dependsonmethods.login(dependsonmethods.java:13)
... Removed 28 stack frames]]>
    </failure>
  </testcase> <!-- login -->
  <testcase name="logout" time="0.0" classname="testNGAnnataions1.dependsonmethods">
    <skipped/>
  </testcase> <!-- logout -->
  <testcase name="Inbox" time="0.0" classname="testNGAnnataions1.dependsonmethods">
    <skipped/>
  </testcase> <!-- Inbox -->
</testsuite> <!-- Default test(failed)(failed) -->
